[06:38:11] [Render thread/INFO] [JMLogger] JourneyMap log initialized.
[06:38:11] [Render thread/INFO] [JourneymapClient] initialize ENTER
[06:38:11] [Render thread/INFO] [?] Version: JourneyMap 1.16.5-5.7.3, built with Forge 1.16.5-36.2.0
Forge: 36.2.9
Environment: os.name, os.arch, java.version, user.country, user.language=null, game language=ru_ru, locale=en_us
Features: 
	RadarPlayers : singleplayer = true , multiplayer = true
	RadarAnimals : singleplayer = true , multiplayer = true
	RadarMobs : singleplayer = true , multiplayer = true
	RadarVillagers : singleplayer = true , multiplayer = true
	MapTopo : singleplayer = true , multiplayer = true
	MapSurface : singleplayer = true , multiplayer = true
	MapCaves : singleplayer = true , multiplayer = true
MiniMapProperties{state=Valid, file=journeymap.minimap.config, configVersion=5.7.3, zoomLevel=3, showPlayers=true, frameAlpha=100, compassFontScale=1.0, terrainAlpha=100, backgroundAlpha=0.8, showEntityNames=true, enabled=true, positionX=90, positionY=25, showPlayerHeading=true, showVillagers=true, info2Label=jm.theme.labelsource.gametime, sizePercent=30, playerDisplayScale=0.5, showDayNight=true, info3Label=jm.theme.labelsource.location, showMobs=true, showPets=true, waypointLabelScale=1.0, preferredMapType=day, showCompass=true, mobDisplay=jm.common.entity_display.dots, showReticle=true, orientation=jm.minimap.orientation.north, systemTimeRealFormat=HH:mm:ss, shape=jm.minimap.shape_circle, showSelf=true, info4Label=jm.theme.labelsource.biome, locationFormat=xzyv, playerDisplay=jm.common.entity_display.dots, mobDisplayScale=0.5, showGrid=true, reticleOrientation=jm.minimap.orientation.compass, gameTimeRealFormat=HH:mm:ss, showWaypoints=true, showCaves=true, showAnimals=true, showMobHeading=true, showWaypointLabels=true, locationFormatVerbose=true, position=jm.minimap.position_topright, info1Label=jm.theme.labelsource.blank, fontScale=1.0}
MiniMapProperties{state=Valid, file=journeymap.minimap2.config, configVersion=5.7.3, zoomLevel=0, showPlayers=true, frameAlpha=100, compassFontScale=1.0, terrainAlpha=100, backgroundAlpha=0.8, showEntityNames=true, enabled=true, positionX=90, positionY=25, showPlayerHeading=true, showVillagers=true, info2Label=jm.theme.labelsource.gametime, sizePercent=30, playerDisplayScale=0.5, showDayNight=true, info3Label=jm.theme.labelsource.location, showMobs=true, showPets=true, waypointLabelScale=1.0, preferredMapType=day, showCompass=true, mobDisplay=jm.common.entity_display.dots, showReticle=true, orientation=jm.minimap.orientation.north, systemTimeRealFormat=HH:mm:ss, shape=jm.minimap.shape_rectangle, showSelf=true, info4Label=jm.theme.labelsource.biome, locationFormat=xzyv, playerDisplay=jm.common.entity_display.dots, mobDisplayScale=0.5, showGrid=true, reticleOrientation=jm.minimap.orientation.compass, gameTimeRealFormat=HH:mm:ss, showWaypoints=true, showCaves=true, showAnimals=true, showMobHeading=true, showWaypointLabels=true, locationFormatVerbose=true, position=jm.minimap.position_topright, info1Label=jm.theme.labelsource.blank, fontScale=1.0}
FullMapProperties{state=Valid, file=journeymap.fullmap.config, configVersion=5.7.3, zoomLevel=2, showPlayers=true, showEntityNames=true, showPlayerHeading=true, showVillagers=true, showPlayerLoc=true, showKeys=true, playerDisplayScale=0.5, showMobs=true, showPets=true, waypointLabelScale=1.0, preferredMapType=day, mobDisplay=jm.common.entity_display.dots, showSelf=true, locationFormat=xzyv, playerDisplay=jm.common.entity_display.dots, mobDisplayScale=0.5, showGrid=true, showMouseLoc=true, showWaypoints=true, showCaves=true, showAnimals=true, showMobHeading=true, showWaypointLabels=true, locationFormatVerbose=true, fontScale=1.0}
WaypointProperties{state=Valid, file=journeymap.waypoint.config, configVersion=5.7.3, autoRemoveDeathpointDistance=2, createDeathpoints=true, showName=true, dateFormat=MM-dd-yyyy, autoRemoveDeathpoints=false, maxDistance=0, autoHideLabel=true, teleportCommand=/tp {name} {x} {y} {z}, showStaticBeam=true, fullscreenDoubleClickToCreate=true, managerDimensionFocus=false, minDistance=4, timeFormat=HH:mm:ss, boldLabel=false, showDeviationLabel=false, textureSmall=true, showDeathpointlabel=true, showDistance=true, showRotatingBeam=true, fontScale=2.0, showTexture=true, managerEnabled=true, beaconEnabled=true}
WebMapProperties{state=Valid, file=journeymap.webmap.config, configVersion=5.7.3, port=8080, enabled=false}
CoreProperties{state=Valid, file=journeymap.core.config, configVersion=5.7.3, verboseColorPalette=false, maxPlayersData=32, mapSurfaceAboveCaves=true, optionsManagerViewed=5.7.3, announceMod=true, colorPassive=#bbbbbb, renderOverlayEventTypeName=ALL, mapBlendWater=false, renderDistanceSurfaceMax=7, radarVerticalDistance=16, mapBlendGrass=true, recordCacheStats=false, hideSneakingEntities=true, revealShape=jm.minimap.shape_circle, alwaysMapSurface=false, colorVillager=#88e188, mapPlants=false, colorPet=#0077ff, radarLateralDistance=64, mapBathymetry=false, mapCrops=true, maxMobsData=32, mapPlantShadows=false, alwaysMapCaves=false, checkUpdates=true, browserPoll=2000, mapBlendFoliage=true, hideSpectators=false, mappingEnabled=true, colorPlayer=#ffffff, tileHighDisplayQuality=true, cacheVillagersData=2200, logLevel=INFO, maxVillagersData=32, maxAnimalsData=32, mapTransparency=true, tileRenderType=1, caveIgnoreGlass=true, mapTopography=true, renderDistanceCaveMax=3, mapAntialiasing=true, colorSelf=#0000ff, cachePlayersData=2000, cacheMobsData=3000, cachePlayerData=1000, splashViewed=5.7.3, colorHostile=#ff0000, cacheAnimalsData=3100, themeName=OceanMonument, mapCaveLighting=true, renderDelay=2, renderOverlayPreEvent=true, autoMapPoll=2000}
[06:38:11] [Render thread/INFO] [ClientAPI] [ClientAPI] built with JourneyMap API 1.6-SNAPSHOT
[06:38:11] [Render thread/INFO] [PluginHelper] Initializing plugins with Client API: journeymap.client.api.impl.ClientAPI
[06:38:11] [Render thread/INFO] [PluginHelper] Initialized IClientPlugin: net.blay09.mods.waystones.compat.JourneyMapAddon
[06:38:11] [Render thread/INFO] [JourneymapClient] initialize EXIT, elapsed count 0 avg ?ms
[06:38:11] [Render thread/DEBUG] [JourneymapClient] postInitialize ENTER
[06:38:11] [Render thread/DEBUG] [EventHandlerManager] Handler registered: journeymap.client.forge.event.KeyEventHandler
[06:38:11] [Render thread/DEBUG] [EventHandlerManager] Handler registered: journeymap.client.forge.event.ChatEventHandler
[06:38:11] [Render thread/DEBUG] [EventHandlerManager] Handler registered: journeymap.client.forge.event.StateTickHandler
[06:38:11] [Render thread/DEBUG] [EventHandlerManager] Handler registered: journeymap.client.forge.event.WorldEventHandler
[06:38:11] [Render thread/DEBUG] [EventHandlerManager] Handler registered: journeymap.client.forge.event.WaypointBeaconHandler
[06:38:11] [Render thread/DEBUG] [EventHandlerManager] Handler registered: journeymap.client.forge.event.TextureAtlasHandler
[06:38:11] [Render thread/DEBUG] [EventHandlerManager] Handler registered: journeymap.client.forge.event.MiniMapOverlayHandler
[06:38:11] [Render thread/DEBUG] [EventHandlerManager] Handler registered: journeymap.client.forge.event.PlayerConnectHandler
[06:38:11] [Render thread/DEBUG] [EventHandlerManager] Handler registered: journeymap.client.world.ChunkMonitor
[06:38:12] [Render thread/INFO] [IconSetFileHandler] Added entity icons from journeymap:icon/entity. Success: false
[06:38:12] [Render thread/TRACE] [ThemeLoader] Initializing themes ...
[06:38:13] [Render thread/INFO] [ThemeLoader] Preloaded theme textures: 73
[06:38:13] [Render thread/DEBUG] [StatTimer] elapsed was slow: 1458.5141
[06:38:13] [Render thread/DEBUG] [JourneymapClient] postInitialize EXIT, elapsed§8 count §r1§8 avg §r§r1458.51§8ms§r
[06:38:13] [JM-VersionCheck-1/WARN] [VersionCheck$1] No versions found online for 1.16.5
[06:40:04] [Server thread/INFO] [ForgeConfig] Loading JourneyMap Forge Configs
[06:40:38] [Render thread/INFO] [ModBlockDelegate] Custom modded block handling enabled for biomesoplenty
[06:40:38] [Render thread/INFO] [WaypointStore] Loaded 1 waypoints from D:\git\Minecraft-Server\journeymap\data\sp\new test ~1~\waypoints
[06:40:38] [Render thread/INFO] [JourneymapClient] Mapping started in D:\git\Minecraft-Server\journeymap\data\sp\new test ~1~\D:\git\Minecraft-Server\journeymap\data\sp\new test ~1~\overworld. Memory: 4256MB total, 1771MB free 
[06:41:36] [Render thread/INFO] [ChatLog] 
[07:21:14] [Render thread/INFO] [JourneymapClient] Mapping halted in D:\git\Minecraft-Server\journeymap\data\mp\offline\minecraft:overworld
